No files changed, compilation skipped
Script ran successfully.

== Logs ==
========== Addresses ==========
Deployer Address (ADMIN FOR ALL): 0xf39Fd6e51aad88F6F4ce6aB8827279cffFb92266  (DeriveKey 0)
ProxyAdmin: 0x9fE46736679d2D9a65F0992F2272dE9f3c7fa6e0
EntityRegistry: 0xDc64a140Aa3E981100a9becA4E685f962f0cF6C9
ComplianceRegistry: 0x2279B7A0a67DB372996a5FaB50D91eAA73d2eBe6
eVND Token: 0x610178dA211FEF7D417bC0e6FeD39F05609AD788
Exchange Portal: 0xc3e53F4d16Ae77Db1c982e75a937B9f60FE63690
AddressRestrictionCompliance: 0xA51c1fc2f0D1a1b8494Ed1FE312d7C3a78Ed91C0
VerificationCompliance: 0x9A676e781A523b5d0C0e43731313A708CB607508
SupplyCompliance: 0x959922bE3CAee4b8Cd9a407cc3ac1C251C2007B1
TransactionTypeCompliance: 0x68B1D87F95878fE05B998F19b66F4baba5De1aed
EntityTypeCompliance: 0xc6e7DF5E7b4f2A278906862b61205850344D4e7d
Verifier 1 Address: 0x70997970C51812dc3A010C7d01b50e0d17dc79C8 (DeriveKey 1)
Verifier 2 Address: 0x3C44CdDdB6a900fa2b585dd299e03d12FA4293BC (DeriveKey 2)
Blacklister 1 Address: 0x90F79bf6EB2c4f870365E785982E1f101E93b906 (DeriveKey 3)
Blacklister 2 Address: 0x15d34AAf54267DB7D7c367839AAf71A00a2C6A65 (DeriveKey 4)

========== Entity Type Transfer Policies ==========
  From \ To | UNKNOWN | INDIV | PRIV_ENT | LLC_ONE | LLC_MULTI | JSC | PARTNER | COOP | COOP_UNI | COOP_GRP | HOUSE_BIZ | FOR_INDIV | FOR_ORG | FOR_ECO | EXCHANGE_PORTAL |
  ----------|---------|---------|---------|---------|---------|---------|---------|---------|---------|---------|---------|---------|---------|---------|---------|
  UNKNOWN |    N    |    N    |    N    |    N    |    N    |    N    |    N    |    N    |    N    |    N    |    N    |    N    |    N    |    N    |    N    |
  INDIV |    N    |    Y    |    Y    |    Y    |    Y    |    Y    |    Y    |    Y    |    N    |    N    |    Y    |    N    |    N    |    N    |    Y    |
  PRIV_ENT |    Y    |    Y    |    Y    |    Y    |    Y    |    Y    |    Y    |    Y    |    Y    |    Y    |    Y    |    Y    |    Y    |    Y    |    Y    |
  LLC_ONE |    Y    |    Y    |    Y    |    Y    |    Y    |    Y    |    Y    |    Y    |    Y    |    Y    |    Y    |    Y    |    Y    |    Y    |    Y    |
  LLC_MULTI |    Y    |    Y    |    Y    |    Y    |    Y    |    Y    |    Y    |    Y    |    Y    |    Y    |    Y    |    Y    |    Y    |    Y    |    Y    |
  JSC |    Y    |    Y    |    Y    |    Y    |    Y    |    Y    |    Y    |    Y    |    Y    |    Y    |    Y    |    Y    |    Y    |    Y    |    Y    |
  PARTNER |    N    |    Y    |    Y    |    Y    |    Y    |    Y    |    Y    |    Y    |    N    |    N    |    N    |    N    |    N    |    N    |    N    |
  COOP |    N    |    Y    |    N    |    N    |    N    |    N    |    N    |    Y    |    Y    |    Y    |    N    |    N    |    N    |    N    |    N    |
  COOP_UNI |    N    |    Y    |    N    |    N    |    N    |    N    |    N    |    Y    |    Y    |    Y    |    N    |    N    |    N    |    N    |    N    |
  COOP_GRP |    N    |    Y    |    N    |    N    |    N    |    N    |    N    |    Y    |    Y    |    Y    |    N    |    N    |    N    |    N    |    N    |
  HOUSE_BIZ |    N    |    Y    |    Y    |    N    |    N    |    N    |    N    |    N    |    N    |    N    |    Y    |    N    |    N    |    N    |    N    |
  FOR_INDIV |    Y    |    Y    |    Y    |    Y    |    Y    |    Y    |    Y    |    Y    |    Y    |    Y    |    Y    |    Y    |    Y    |    Y    |    Y    |
  FOR_ORG |    Y    |    Y    |    Y    |    Y    |    Y    |    Y    |    Y    |    Y    |    Y    |    Y    |    Y    |    Y    |    Y    |    Y    |    Y    |
  FOR_ECO |    Y    |    Y    |    Y    |    Y    |    Y    |    Y    |    Y    |    Y    |    Y    |    Y    |    Y    |    Y    |    Y    |    Y    |    Y    |
  EXCHANGE_PORTAL |    Y    |    Y    |    Y    |    Y    |    Y    |    Y    |    Y    |    Y    |    Y    |    Y    |    Y    |    Y    |    Y    |    Y    |    Y    |
  
Entity Type Metadata:
  -------------------
  UNKNOWN: UNKNOWN: Unknown or unclassified entity type
  INDIV: INDIVIDUAL: Individual persons (Ca nhan)
  PRIV_ENT: PRIVATE_ENTERPRISE: Private enterprises (Doanh nghiep tu nhan)
  LLC_ONE: LLC_ONE_MEMBER: Single member limited liability company (TNHH mot thanh vien)
  LLC_MULTI: LLC_MULTI_MEMBER: Multi-member limited liability company (TNHH hai thanh vien tro len)
  JSC: JOINT_STOCK_COMPANY: Joint stock company (Cong ty co phan)
  PARTNER: PARTNERSHIP: Partnership company (Cong ty hop danh)
  COOP: COOPERATIVE: Cooperative (Hop tac xa)
  COOP_UNI: UNION_OF_COOPERATIVES: Union of cooperatives (Lien hiep hop tac xa)
  COOP_GRP: COOPERATIVE_GROUP: Cooperative group (To hop tac)
  HOUSE_BIZ: HOUSEHOLD_BUSINESS: Household business (Ho kinh doanh)
  FOR_INDIV: FOREIGN_INDIVIDUAL_INVESTOR: Foreign individual investor (Nha dau tu ca nhan nuoc ngoai)
  FOR_ORG: FOREIGN_ORGANIZATION_INVESTOR: Foreign organization investor (Nha dau tu to chuc nuoc ngoai)
  FOR_ECO: FOREIGN_INVESTED_ECONOMIC_ORGANIZATION: Foreign invested economic organization (To chuc kinh te co von dau tu nuoc ngoai)
  EXCHANGE_PORTAL: EXCHANGE_PORTAL: Exchange portal (Cong giao dich ngoai te)

========== Transaction Type Transfer Policies ==========
  ------------------------
  
UNKNOWN:
  From Types:
         INDIVIDUAL
         PRIVATE_ENTERPRISE
         HOUSEHOLD_BUSINESS
         UNKNOWN
         EXCHANGE_PORTAL
  To Types:
         INDIVIDUAL
         PRIVATE_ENTERPRISE
         HOUSEHOLD_BUSINESS
         UNKNOWN
         EXCHANGE_PORTAL
  Usable: Yes
  
PAYMENT:
  From Types:
         INDIVIDUAL
         PRIVATE_ENTERPRISE
         LLC_ONE_MEMBER
         LLC_MULTI_MEMBER
         JOINT_STOCK_COMPANY
         PARTNERSHIP
         COOPERATIVE
         UNION_OF_COOPERATIVES
         COOPERATIVE_GROUP
         HOUSEHOLD_BUSINESS
         FOREIGN_INDIVIDUAL_INVESTOR
         FOREIGN_ORGANIZATION_INVESTOR
         FOREIGN_INVESTED_ECONOMIC_ORGANIZATION
         UNKNOWN
  To Types:
         INDIVIDUAL
         PRIVATE_ENTERPRISE
         LLC_ONE_MEMBER
         LLC_MULTI_MEMBER
         JOINT_STOCK_COMPANY
         PARTNERSHIP
         COOPERATIVE
         UNION_OF_COOPERATIVES
         COOPERATIVE_GROUP
         HOUSEHOLD_BUSINESS
         FOREIGN_INDIVIDUAL_INVESTOR
         FOREIGN_ORGANIZATION_INVESTOR
         FOREIGN_INVESTED_ECONOMIC_ORGANIZATION
         UNKNOWN
  Usable: Yes
  
GIVE:
  From Types:
         INDIVIDUAL
         PRIVATE_ENTERPRISE
         LLC_ONE_MEMBER
         LLC_MULTI_MEMBER
         JOINT_STOCK_COMPANY
         PARTNERSHIP
         COOPERATIVE
         UNION_OF_COOPERATIVES
         COOPERATIVE_GROUP
         HOUSEHOLD_BUSINESS
         FOREIGN_INDIVIDUAL_INVESTOR
         FOREIGN_ORGANIZATION_INVESTOR
         FOREIGN_INVESTED_ECONOMIC_ORGANIZATION
         EXCHANGE_PORTAL
  To Types:
         INDIVIDUAL
         HOUSEHOLD_BUSINESS
         FOREIGN_INDIVIDUAL_INVESTOR
  Usable: Yes
  
LOAN:
  From Types:
         INDIVIDUAL
         PRIVATE_ENTERPRISE
         LLC_ONE_MEMBER
         LLC_MULTI_MEMBER
         JOINT_STOCK_COMPANY
  To Types:
         INDIVIDUAL
         PRIVATE_ENTERPRISE
         LLC_ONE_MEMBER
         LLC_MULTI_MEMBER
         JOINT_STOCK_COMPANY
         PARTNERSHIP
         HOUSEHOLD_BUSINESS
  Usable: Yes
  
INVESTMENT:
  From Types:
         INDIVIDUAL
         PRIVATE_ENTERPRISE
         LLC_ONE_MEMBER
         LLC_MULTI_MEMBER
         JOINT_STOCK_COMPANY
         PARTNERSHIP
         FOREIGN_INDIVIDUAL_INVESTOR
         FOREIGN_ORGANIZATION_INVESTOR
         FOREIGN_INVESTED_ECONOMIC_ORGANIZATION
  To Types:
         PRIVATE_ENTERPRISE
         LLC_ONE_MEMBER
         LLC_MULTI_MEMBER
         JOINT_STOCK_COMPANY
         PARTNERSHIP
         COOPERATIVE
         UNION_OF_COOPERATIVES
  Usable: Yes
  
EXCHANGE:
  From Types:
         INDIVIDUAL
         PRIVATE_ENTERPRISE
         LLC_ONE_MEMBER
         LLC_MULTI_MEMBER
         JOINT_STOCK_COMPANY
         PARTNERSHIP
         COOPERATIVE
         UNION_OF_COOPERATIVES
         COOPERATIVE_GROUP
         HOUSEHOLD_BUSINESS
         FOREIGN_INDIVIDUAL_INVESTOR
         FOREIGN_ORGANIZATION_INVESTOR
         FOREIGN_INVESTED_ECONOMIC_ORGANIZATION
         EXCHANGE_PORTAL
  To Types:
         INDIVIDUAL
         PRIVATE_ENTERPRISE
         LLC_ONE_MEMBER
         LLC_MULTI_MEMBER
         JOINT_STOCK_COMPANY
         PARTNERSHIP
         COOPERATIVE
         UNION_OF_COOPERATIVES
         COOPERATIVE_GROUP
         HOUSEHOLD_BUSINESS
         FOREIGN_INDIVIDUAL_INVESTOR
         FOREIGN_ORGANIZATION_INVESTOR
         FOREIGN_INVESTED_ECONOMIC_ORGANIZATION
         EXCHANGE_PORTAL
  Usable: Yes
  
Transaction Type Metadata:
  -------------------------
  UNKNOWN: Default transaction type for unclassified transfers
  PAYMENT: Commercial transactions for goods and services
  GIVE: Non-commercial transfers and gifts between entities
  LOAN: Financial transactions involving lending and borrowing between authorized entities
  INVESTMENT: Capital investment transactions including securities and business investments
  EXCHANGE: Currency exchange and trading transactions through authorized portals